This is pdfTeX, Version 3.14159265-2.6-1.40.15 (TeX Live 2015/dev/Debian) (preloaded format=pdflatex 2016.6.28)  13 JUL 2016 16:40
entering extended mode
 restricted \write18 enabled.
 %&-line parsing enabled.
**siglas.tex
(./siglas.tex
LaTeX2e <2014/05/01>
Babel <3.9l> and hyphenation patterns for 79 languages loaded.

! LaTeX Error: Environment siglas undefined.

See the LaTeX manual or LaTeX Companion for explanation.
Type  H <return>  for immediate help.
 ...                                              
                                                  
l.1 \begin{siglas}
                  
Your command was ignored.
Type  I <command> <return>  to replace it with another command,
or  <return>  to continue without it.


! LaTeX Error: Lonely \item--perhaps a missing list environment.

See the LaTeX manual or LaTeX Companion for explanation.
Type  H <return>  for immediate help.
 ...                                              
                                                  
l.2 	\item[CERT.br]
                    \textit{Centro de Estudos, Resposta e Tratamento de Inci...

Try typing  <return>  to proceed.
If that doesn't work, type  X <return>  to quit.

Missing character: There is no Ã in font cmti10!
Missing character: There is no § in font cmti10!

Overfull \hbox (29.51643pt too wide) in paragraph at lines 2--3
\OT1/cmr/m/it/10 Centro
 []


Overfull \hbox (9.71104pt too wide) in paragraph at lines 2--3
\OT1/cmr/m/it/10 de
 []


Overfull \hbox (14.4499pt too wide) in paragraph at lines 2--3
\OT1/cmr/m/it/10 Es-
 []


Overfull \hbox (12.26657pt too wide) in paragraph at lines 2--3
\OT1/cmr/m/it/10 tu-
 []


Overfull \hbox (17.37769pt too wide) in paragraph at lines 2--3
\OT1/cmr/m/it/10 dos,
 []


Overfull \hbox (14.96098pt too wide) in paragraph at lines 2--3
\OT1/cmr/m/it/10 Re-
 []


Overfull \hbox (26.32205pt too wide) in paragraph at lines 2--3
\OT1/cmr/m/it/10 sposta
 []


Overfull \hbox (4.59996pt too wide) in paragraph at lines 2--3
\OT1/cmr/m/it/10 e
 []


Overfull \hbox (27.21645pt too wide) in paragraph at lines 2--3
\OT1/cmr/m/it/10 Trata-
 []


Overfull \hbox (26.83316pt too wide) in paragraph at lines 2--3
\OT1/cmr/m/it/10 mento
 []


Overfull \hbox (9.71104pt too wide) in paragraph at lines 2--3
\OT1/cmr/m/it/10 de
 []


Overfull \hbox (13.05547pt too wide) in paragraph at lines 2--3
\OT1/cmr/m/it/10 In-
 []


Overfull \hbox (11.24435pt too wide) in paragraph at lines 2--3
\OT1/cmr/m/it/10 ci-
 []


Overfull \hbox (27.34425pt too wide) in paragraph at lines 2--3
\OT1/cmr/m/it/10 dentes
 []


Overfull \hbox (9.71104pt too wide) in paragraph at lines 2--3
\OT1/cmr/m/it/10 de
 []


Overfull \hbox (13.7999pt too wide) in paragraph at lines 2--3
\OT1/cmr/m/it/10 Se-
 []


Overfull \hbox (13.54434pt too wide) in paragraph at lines 2--3
\OT1/cmr/m/it/10 gu-
 []


Overfull \hbox (19.54987pt too wide) in paragraph at lines 2--3
\OT1/cmr/m/it/10 rana
 []


Overfull \hbox (10.73328pt too wide) in paragraph at lines 2--3
\OT1/cmr/m/it/10 no
 []


Overfull \hbox (26.59984pt too wide) in paragraph at lines 2--3
\OT1/cmr/m/it/10 Brasil 
 []


! LaTeX Error: Lonely \item--perhaps a missing list environment.

See the LaTeX manual or LaTeX Companion for explanation.
Type  H <return>  for immediate help.
 ...                                              
                                                  
l.3 	\item[DoS]
                \textit{Denial of Service}
Try typing  <return>  to proceed.
If that doesn't work, type  X <return>  to quit.


Overfull \hbox (28.50537pt too wide) in paragraph at lines 3--4
\OT1/cmr/m/it/10 Denial
 []


Overfull \hbox (8.17773pt too wide) in paragraph at lines 3--4
\OT1/cmr/m/it/10 of
 []


Overfull \hbox (18.01653pt too wide) in paragraph at lines 3--4
\OT1/cmr/m/it/10 Ser-
 []


Overfull \hbox (17.1068pt too wide) in paragraph at lines 3--4
\OT1/cmr/m/it/10 vice 
 []


! LaTeX Error: Lonely \item--perhaps a missing list environment.

See the LaTeX manual or LaTeX Companion for explanation.
Type  H <return>  for immediate help.
 ...                                              
                                                  
l.4 	\item[WEB]
                \textit{World Wide Web}
Try typing  <return>  to proceed.
If that doesn't work, type  X <return>  to quit.


Overfull \hbox (26.98317pt too wide) in paragraph at lines 4--5
\OT1/cmr/m/it/10 World
 []


Overfull \hbox (22.76653pt too wide) in paragraph at lines 4--5
\OT1/cmr/m/it/10 Wide
 []


Overfull \hbox (19.81998pt too wide) in paragraph at lines 4--5
\OT1/cmr/m/it/10 Web 
 []


! LaTeX Error: Lonely \item--perhaps a missing list environment.

See the LaTeX manual or LaTeX Companion for explanation.
Type  H <return>  for immediate help.
 ...                                              
                                                  
l.5 	\item[IDS]
                \textit{Intrusion Detection System}
Try typing  <return>  to proceed.
If that doesn't work, type  X <return>  to quit.


Overfull \hbox (40.27197pt too wide) in paragraph at lines 5--6
\OT1/cmr/m/it/10 Intrusion
 []


Overfull \hbox (15.72765pt too wide) in paragraph at lines 5--6
\OT1/cmr/m/it/10 De-
 []


Overfull \hbox (15.58873pt too wide) in paragraph at lines 5--6
\OT1/cmr/m/it/10 tec-
 []


Overfull \hbox (17.12212pt too wide) in paragraph at lines 5--6
\OT1/cmr/m/it/10 tion
 []


Overfull \hbox (18.14432pt too wide) in paragraph at lines 5--6
\OT1/cmr/m/it/10 Sys-
 []


Overfull \hbox (16.86702pt too wide) in paragraph at lines 5--6
\OT1/cmr/m/it/10 tem 
 []


! LaTeX Error: Lonely \item--perhaps a missing list environment.

See the LaTeX manual or LaTeX Companion for explanation.
Type  H <return>  for immediate help.
 ...                                              
                                                  
l.6 	\item[HIDS]
                 \textit{Host-based Intrusion Detection System}
Try typing  <return>  to proceed.
If that doesn't work, type  X <return>  to quit.


Overfull \hbox (23.53317pt too wide) in paragraph at lines 6--7
\OT1/cmr/m/it/10 Host-
 []


Overfull \hbox (22.48871pt too wide) in paragraph at lines 6--7
\OT1/cmr/m/it/10 based
 []


Overfull \hbox (13.05547pt too wide) in paragraph at lines 6--7
\OT1/cmr/m/it/10 In-
 []


Overfull \hbox (16.4832pt too wide) in paragraph at lines 6--7
\OT1/cmr/m/it/10 tru-
 []


Overfull \hbox (17.8888pt too wide) in paragraph at lines 6--7
\OT1/cmr/m/it/10 sion
 []


Overfull \hbox (15.72765pt too wide) in paragraph at lines 6--7
\OT1/cmr/m/it/10 De-
 []


Overfull \hbox (15.58873pt too wide) in paragraph at lines 6--7
\OT1/cmr/m/it/10 tec-
 []


Overfull \hbox (17.12212pt too wide) in paragraph at lines 6--7
\OT1/cmr/m/it/10 tion
 []


Overfull \hbox (18.14432pt too wide) in paragraph at lines 6--7
\OT1/cmr/m/it/10 Sys-
 []


Overfull \hbox (16.86702pt too wide) in paragraph at lines 6--7
\OT1/cmr/m/it/10 tem 
 []


! LaTeX Error: Lonely \item--perhaps a missing list environment.

See the LaTeX manual or LaTeX Companion for explanation.
Type  H <return>  for immediate help.
 ...                                              
                                                  
l.7 	\item[NIDS]
                 \textit{Network Intrusion Detection System}
Try typing  <return>  to proceed.
If that doesn't work, type  X <return>  to quit.


Overfull \hbox (35.92752pt too wide) in paragraph at lines 7--8
\OT1/cmr/m/it/10 Network
 []


Overfull \hbox (13.05547pt too wide) in paragraph at lines 7--8
\OT1/cmr/m/it/10 In-
 []


Overfull \hbox (16.4832pt too wide) in paragraph at lines 7--8
\OT1/cmr/m/it/10 tru-
 []


Overfull \hbox (17.8888pt too wide) in paragraph at lines 7--8
\OT1/cmr/m/it/10 sion
 []


Overfull \hbox (15.72765pt too wide) in paragraph at lines 7--8
\OT1/cmr/m/it/10 De-
 []


Overfull \hbox (15.58873pt too wide) in paragraph at lines 7--8
\OT1/cmr/m/it/10 tec-
 []


Overfull \hbox (17.12212pt too wide) in paragraph at lines 7--8
\OT1/cmr/m/it/10 tion
 []


Overfull \hbox (18.14432pt too wide) in paragraph at lines 7--8
\OT1/cmr/m/it/10 Sys-
 []


Overfull \hbox (16.86702pt too wide) in paragraph at lines 7--8
\OT1/cmr/m/it/10 tem 
 []


! LaTeX Error: Lonely \item--perhaps a missing list environment.

See the LaTeX manual or LaTeX Companion for explanation.
Type  H <return>  for immediate help.
 ...                                              
                                                  
l.8 	\item[DMZ]
                \textit{Demilitarized Zone}
Try typing  <return>  to proceed.
If that doesn't work, type  X <return>  to quit.


Overfull \hbox (58.02182pt too wide) in paragraph at lines 8--9
\OT1/cmr/m/it/10 Demilitarized
 []


Overfull \hbox (22.21791pt too wide) in paragraph at lines 8--9
\OT1/cmr/m/it/10 Zone 
 []


! LaTeX Error: Lonely \item--perhaps a missing list environment.

See the LaTeX manual or LaTeX Companion for explanation.
Type  H <return>  for immediate help.
 ...                                              
                                                  
l.9 	\item[TCP/IP]
                   \textit{Transmission Control Protocol}
Try typing  <return>  to proceed.
If that doesn't work, type  X <return>  to quit.


Overfull \hbox (58.13853pt too wide) in paragraph at lines 9--10
\OT1/cmr/m/it/10 Transmission
 []


Overfull \hbox (21.46652pt too wide) in paragraph at lines 9--10
\OT1/cmr/m/it/10 Con-
 []


Overfull \hbox (14.69432pt too wide) in paragraph at lines 9--10
\OT1/cmr/m/it/10 trol
 []


Overfull \hbox (19.17763pt too wide) in paragraph at lines 9--10
\OT1/cmr/m/it/10 Pro-
 []


Overfull \hbox (12.01102pt too wide) in paragraph at lines 9--10
\OT1/cmr/m/it/10 to-
 []


Overfull \hbox (12.7888pt too wide) in paragraph at lines 9--10
\OT1/cmr/m/it/10 col 
 []


! LaTeX Error: Lonely \item--perhaps a missing list environment.

See the LaTeX manual or LaTeX Companion for explanation.
Type  H <return>  for immediate help.
 ...                                              
                                                  
l.10 	\item[ICMP]
                  \textit{Internet Control Message Protocol}
Try typing  <return>  to proceed.
If that doesn't work, type  X <return>  to quit.


Overfull \hbox (35.16084pt too wide) in paragraph at lines 10--11
\OT1/cmr/m/it/10 Internet
 []


Overfull \hbox (21.46652pt too wide) in paragraph at lines 10--11
\OT1/cmr/m/it/10 Con-
 []


Overfull \hbox (14.69432pt too wide) in paragraph at lines 10--11
\OT1/cmr/m/it/10 trol
 []


Overfull \hbox (21.23318pt too wide) in paragraph at lines 10--11
\OT1/cmr/m/it/10 Mes-
 []


Overfull \hbox (18.39987pt too wide) in paragraph at lines 10--11
\OT1/cmr/m/it/10 sage
 []


Overfull \hbox (19.17763pt too wide) in paragraph at lines 10--11
\OT1/cmr/m/it/10 Pro-
 []


Overfull \hbox (12.01102pt too wide) in paragraph at lines 10--11
\OT1/cmr/m/it/10 to-
 []


Overfull \hbox (12.7888pt too wide) in paragraph at lines 10--11
\OT1/cmr/m/it/10 col 
 []


! LaTeX Error: Lonely \item--perhaps a missing list environment.

See the LaTeX manual or LaTeX Companion for explanation.
Type  H <return>  for immediate help.
 ...                                              
                                                  
l.11 	\item[FTP]
                 \textit{File Transfer Protocol}
Try typing  <return>  to proceed.
If that doesn't work, type  X <return>  to quit.


Overfull \hbox (16.74988pt too wide) in paragraph at lines 11--12
\OT1/cmr/m/it/10 File
 []


Overfull \hbox (28.49423pt too wide) in paragraph at lines 11--12
\OT1/cmr/m/it/10 Trans-
 []


Overfull \hbox (11.88324pt too wide) in paragraph at lines 11--12
\OT1/cmr/m/it/10 fer
 []


Overfull \hbox (19.17763pt too wide) in paragraph at lines 11--12
\OT1/cmr/m/it/10 Pro-
 []


Overfull \hbox (12.01102pt too wide) in paragraph at lines 11--12
\OT1/cmr/m/it/10 to-
 []


Overfull \hbox (12.7888pt too wide) in paragraph at lines 11--12
\OT1/cmr/m/it/10 col 
 []


! LaTeX Error: Lonely \item--perhaps a missing list environment.

See the LaTeX manual or LaTeX Companion for explanation.
Type  H <return>  for immediate help.
 ...                                              
                                                  
l.12 	\item[RAM]
                 \textit{Random Access Memory}
Try typing  <return>  to proceed.
If that doesn't work, type  X <return>  to quit.


Overfull \hbox (35.91646pt too wide) in paragraph at lines 12--13
\OT1/cmr/m/it/10 Random
 []


Overfull \hbox (15.09987pt too wide) in paragraph at lines 12--13
\OT1/cmr/m/it/10 Ac-
 []


Overfull \hbox (16.86653pt too wide) in paragraph at lines 12--13
\OT1/cmr/m/it/10 cess
 []


Overfull \hbox (25.32205pt too wide) in paragraph at lines 12--13
\OT1/cmr/m/it/10 Mem-
 []


Overfull \hbox (15.06795pt too wide) in paragraph at lines 12--13
\OT1/cmr/m/it/10 ory 
 []


! LaTeX Error: Lonely \item--perhaps a missing list environment.

See the LaTeX manual or LaTeX Companion for explanation.
Type  H <return>  for immediate help.
 ...                                              
                                                  
l.13 	\item[SSH]
                 \textit{Secure Shell}
Try typing  <return>  to proceed.
If that doesn't work, type  X <return>  to quit.


Overfull \hbox (27.9831pt too wide) in paragraph at lines 13--14
\OT1/cmr/m/it/10 Secure
 []


Overfull \hbox (21.98877pt too wide) in paragraph at lines 13--14
\OT1/cmr/m/it/10 Shell 
 []


! LaTeX Error: Lonely \item--perhaps a missing list environment.

See the LaTeX manual or LaTeX Companion for explanation.
Type  H <return>  for immediate help.
 ...                                              
                                                  
l.14 	\item[ISS]
                 \textit{Internet Information Services}
Try typing  <return>  to proceed.
If that doesn't work, type  X <return>  to quit.


! LaTeX Error: \begin{document} ended by \end{siglas}.

See the LaTeX manual or LaTeX Companion for explanation.
Type  H <return>  for immediate help.
 ...                                              
                                                  
l.15 \end{siglas}
                 
Your command was ignored.
Type  I <command> <return>  to replace it with another command,
or  <return>  to continue without it.

)
! Emergency stop.
<*> siglas.tex
              
*** (job aborted, no legal \end found)

 
Here is how much of TeX's memory you used:
 10 strings out of 493105
 177 string characters out of 6137072
 55476 words of memory out of 5000000
 3574 multiletter control sequences out of 15000+600000
 3986 words of font info for 15 fonts, out of 8000000 for 9000
 1141 hyphenation exceptions out of 8191
 13i,1n,10p,132b,81s stack positions out of 5000i,500n,10000p,200000b,80000s
!  ==> Fatal error occurred, no output PDF file produced!
